<?xml version="1.0" encoding="UTF-8"?>
<!-- Generated by org.testng.reporters.JUnitReportReporter -->
<testsuite hostname="DESKTOP-1RVJ10N" failures="0" tests="3" name="dependsOn.DependsOnMethodMercurytour" time="7.004" errors="0" timestamp="2022-04-11T01:17:40 CDT" skipped="0">
  <testcase classname="dependsOn.DependsOnMethodMercurytour" name="getUrl" time="1.600"/>
  <system-out/>
  <testcase classname="dependsOn.DependsOnMethodMercurytour" name="loginFunctionality1" time="3.781"/>
  <system-out/>
  <testcase classname="dependsOn.DependsOnMethodMercurytour" name="loginFunctionality2" time="1.623"/>
  <system-out/>
</testsuite> <!-- dependsOn.DependsOnMethodMercurytour -->
