<?xml version="1.0" encoding="UTF-8"?>
<!-- Generated by org.testng.reporters.JUnitReportReporter -->
<testsuite hostname="DESKTOP-1RVJ10N" failures="0" tests="4" name="priorityconcept.PriorityDemoBlazeConcept" time="6.621" errors="0" timestamp="2022-04-10T12:09:39 CDT" skipped="0">
  <testcase classname="priorityconcept.PriorityDemoBlazeConcept" name="signUpFunctionality" time="2.034"/>
  <system-out/>
  <testcase classname="priorityconcept.PriorityDemoBlazeConcept" name="loginFunctionality" time="0.744"/>
  <system-out/>
  <testcase classname="priorityconcept.PriorityDemoBlazeConcept" name="addToCartFunctionality" time="1.686"/>
  <system-out/>
  <testcase classname="priorityconcept.PriorityDemoBlazeConcept" name="placeOrderFunctionality" time="2.157"/>
  <system-out/>
</testsuite> <!-- priorityconcept.PriorityDemoBlazeConcept -->
