<?xml version="1.0" encoding="UTF-8"?>
<!-- Generated by org.testng.reporters.JUnitReportReporter -->
<testsuite hostname="DESKTOP-1RVJ10N" failures="0" tests="5" name="dataprovidertestng.IndexHtmlDataProvider" time="34.171" errors="0" timestamp="2022-04-06T22:57:27 CDT" skipped="0">
  <testcase classname="dataprovidertestng.IndexHtmlDataProvider" name="loginFunctionality" time="7.060"/>
  <system-out/>
  <testcase classname="dataprovidertestng.IndexHtmlDataProvider" name="loginFunctionality" time="7.054"/>
  <system-out/>
  <testcase classname="dataprovidertestng.IndexHtmlDataProvider" name="loginFunctionality" time="6.646"/>
  <system-out/>
  <testcase classname="dataprovidertestng.IndexHtmlDataProvider" name="loginFunctionality" time="6.678"/>
  <system-out/>
  <testcase classname="dataprovidertestng.IndexHtmlDataProvider" name="loginFunctionality" time="6.733"/>
  <system-out/>
</testsuite> <!-- dataprovidertestng.IndexHtmlDataProvider -->
