<?xml version="1.0" encoding="UTF-8"?>
<!-- Generated by org.testng.reporters.JUnitReportReporter -->
<testsuite hostname="DESKTOP-1RVJ10N" failures="0" tests="4" name="dependsOn.DependsOnMethodDemo" time="0.012" errors="0" timestamp="2022-04-11T01:11:01 CDT" skipped="0">
  <testcase classname="dependsOn.DependsOnMethodDemo" name="mul" time="0.001"/>
  <system-out/>
  <testcase classname="dependsOn.DependsOnMethodDemo" name="div" time="0.002"/>
  <system-out/>
  <testcase classname="dependsOn.DependsOnMethodDemo" name="add" time="0.001"/>
  <system-out/>
  <testcase classname="dependsOn.DependsOnMethodDemo" name="sub" time="0.008"/>
  <system-out/>
</testsuite> <!-- dependsOn.DependsOnMethodDemo -->
