<?xml version="1.0" encoding="UTF-8"?>
<!-- Generated by org.testng.reporters.JUnitReportReporter -->
<testsuite hostname="DESKTOP-1RVJ10N" failures="0" tests="4" name="dependsOn.DependsOnDemoBlazeConcept" time="8.499" errors="0" timestamp="2022-04-11T20:21:53 CDT" skipped="0">
  <testcase classname="dependsOn.DependsOnDemoBlazeConcept" name="signUpFunctionality" time="1.908"/>
  <system-out/>
  <testcase classname="dependsOn.DependsOnDemoBlazeConcept" name="loginFunctionality" time="2.722"/>
  <system-out/>
  <testcase classname="dependsOn.DependsOnDemoBlazeConcept" name="addToCartFunctionality" time="1.846"/>
  <system-out/>
  <testcase classname="dependsOn.DependsOnDemoBlazeConcept" name="placeOrderFunctionality" time="2.023"/>
  <system-out/>
</testsuite> <!-- dependsOn.DependsOnDemoBlazeConcept -->
