<?xml version="1.0" encoding="UTF-8"?>
<!-- Generated by org.testng.reporters.JUnitReportReporter -->
<testsuite hostname="DESKTOP-1RVJ10N" failures="0" tests="4" name="priorityconcept.ZeroNegativePositiveAndwithout" time="0.015" errors="0" timestamp="2022-04-07T23:04:47 CDT" skipped="0">
  <testcase classname="priorityconcept.ZeroNegativePositiveAndwithout" name="sub" time="0.010"/>
  <system-out/>
  <testcase classname="priorityconcept.ZeroNegativePositiveAndwithout" name="add" time="0.002"/>
  <system-out/>
  <testcase classname="priorityconcept.ZeroNegativePositiveAndwithout" name="div" time="0.002"/>
  <system-out/>
  <testcase classname="priorityconcept.ZeroNegativePositiveAndwithout" name="mul" time="0.001"/>
  <system-out/>
</testsuite> <!-- priorityconcept.ZeroNegativePositiveAndwithout -->
