<?xml version="1.0" encoding="UTF-8"?>
<!-- Generated by org.testng.reporters.JUnitReportReporter -->
<testsuite hostname="DESKTOP-1RVJ10N" failures="0" tests="4" name="enableanddisable.EnableConcept" time="0.014" errors="0" timestamp="2022-04-10T21:46:58 CDT" skipped="2">
  <testcase classname="enableanddisable.EnableConcept" name="add" time="0.012"/>
  <system-out/>
  <testcase classname="enableanddisable.EnableConcept" name="mul" time="0.002"/>
  <system-out/>
  <testcase classname="enableanddisable.EnableConcept" name="sub">
    <skipped/>
  </testcase> <!-- sub -->
  <system-out/>
  <testcase classname="enableanddisable.EnableConcept" name="div">
    <skipped/>
  </testcase> <!-- div -->
  <system-out/>
</testsuite> <!-- enableanddisable.EnableConcept -->
