<?xml version="1.0" encoding="UTF-8"?>
<!-- Generated by org.testng.reporters.JUnitReportReporter -->
<testsuite hostname="DESKTOP-1RVJ10N" failures="0" tests="2" name="dataprovidertestng.DemoWebShopLogin" time="5.334" errors="0" timestamp="2022-04-10T16:39:21 CDT" skipped="0">
  <testcase classname="dataprovidertestng.DemoWebShopLogin" name="f" time="2.823"/>
  <system-out/>
  <testcase classname="dataprovidertestng.DemoWebShopLogin" name="f" time="2.511"/>
  <system-out/>
</testsuite> <!-- dataprovidertestng.DemoWebShopLogin -->
