<?xml version="1.0" encoding="UTF-8"?>
<!-- Generated by org.testng.reporters.JUnitReportReporter -->
<testsuite hostname="DESKTOP-1RVJ10N" failures="0" tests="4" name="priorityconcept.PositivePriority" time="0.016" errors="0" timestamp="2022-04-07T22:39:04 CDT" skipped="0">
  <testcase classname="priorityconcept.PositivePriority" name="add" time="0.010"/>
  <system-out/>
  <testcase classname="priorityconcept.PositivePriority" name="sub" time="0.002"/>
  <system-out/>
  <testcase classname="priorityconcept.PositivePriority" name="mul" time="0.002"/>
  <system-out/>
  <testcase classname="priorityconcept.PositivePriority" name="div" time="0.002"/>
  <system-out/>
</testsuite> <!-- priorityconcept.PositivePriority -->
