<?xml version="1.0" encoding="UTF-8"?>
<!-- Generated by org.testng.reporters.JUnitReportReporter -->
<testsuite hostname="DESKTOP-1RVJ10N" failures="0" tests="4" name="priorityconcept.NegativePriority" time="0.012" errors="0" timestamp="2022-04-07T22:41:23 CDT" skipped="0">
  <testcase classname="priorityconcept.NegativePriority" name="div" time="0.008"/>
  <system-out/>
  <testcase classname="priorityconcept.NegativePriority" name="mul" time="0.002"/>
  <system-out/>
  <testcase classname="priorityconcept.NegativePriority" name="sub" time="0.001"/>
  <system-out/>
  <testcase classname="priorityconcept.NegativePriority" name="add" time="0.001"/>
  <system-out/>
</testsuite> <!-- priorityconcept.NegativePriority -->
