<?xml version="1.0" encoding="UTF-8"?>
<!-- Generated by org.testng.reporters.JUnitReportReporter -->
<testsuite hostname="DESKTOP-1RVJ10N" failures="0" tests="2" name="dataprovidertestng.DemoWebShopDataProvider" time="13.849" errors="0" timestamp="2022-04-06T23:11:29 CDT" skipped="0">
  <testcase classname="dataprovidertestng.DemoWebShopDataProvider" name="f" time="6.947"/>
  <system-out/>
  <testcase classname="dataprovidertestng.DemoWebShopDataProvider" name="f" time="6.902"/>
  <system-out/>
</testsuite> <!-- dataprovidertestng.DemoWebShopDataProvider -->
