<?xml version="1.0" encoding="UTF-8"?>
<!-- Generated by org.testng.reporters.JUnitReportReporter -->
<testsuite hostname="DESKTOP-1RVJ10N" failures="0" tests="1" name="demoTestng.NewTest" time="0.008" errors="0" timestamp="2022-03-29T22:56:01 CDT" skipped="0">
  <testcase classname="demoTestng.NewTest" name="f" time="0.008"/>
  <system-out/>
</testsuite> <!-- demoTestng.NewTest -->
