<?xml version="1.0" encoding="UTF-8"?>
<!-- Generated by org.testng.reporters.JUnitReportReporter -->
<testsuite hostname="DESKTOP-1RVJ10N" failures="0" tests="1" name="demoTestng.NewTestNG" time="0.015" errors="0" timestamp="2022-04-10T17:09:29 CDT" skipped="0">
  <testcase classname="demoTestng.NewTestNG" name="f" time="0.015"/>
  <system-out/>
</testsuite> <!-- demoTestng.NewTestNG -->
