<?xml version="1.0" encoding="UTF-8"?>
<!-- Generated by org.testng.reporters.JUnitReportReporter -->
<testsuite hostname="DESKTOP-1RVJ10N" failures="0" tests="1" name="demo.properties.MTTestProperties" time="2.197" errors="0" timestamp="2022-04-18T20:45:34 CDT" skipped="0">
  <testcase classname="demo.properties.MTTestProperties" name="loginFunctionality2" time="2.197"/>
  <system-out/>
</testsuite> <!-- demo.properties.MTTestProperties -->
