<?xml version="1.0" encoding="UTF-8"?>
<!-- Generated by org.testng.reporters.JUnitReportReporter -->
<testsuite hostname="DESKTOP-1RVJ10N" failures="0" tests="1" name="dataprovidertestng.IndexHtmlData" time="0.542" errors="0" timestamp="2022-04-06T20:08:25 CDT" skipped="0">
  <testcase classname="dataprovidertestng.IndexHtmlData" name="loginFunctionality" time="0.542"/>
  <system-out/>
</testsuite> <!-- dataprovidertestng.IndexHtmlData -->
