<?xml version="1.0" encoding="UTF-8"?>
<!-- Generated by org.testng.reporters.JUnitReportReporter -->
<testsuite hostname="DESKTOP-1RVJ10N" failures="0" tests="2" name="demoTestng.MercuryTourTestNG" time="10.321" errors="0" timestamp="2022-04-17T22:41:10 CDT" skipped="0">
  <testcase classname="demoTestng.MercuryTourTestNG" name="loginFunctionality2" time="2.360"/>
  <system-out/>
  <testcase classname="demoTestng.MercuryTourTestNG" name="loginFunctionality" time="7.961"/>
  <system-out/>
</testsuite> <!-- demoTestng.MercuryTourTestNG -->
