<?xml version="1.0" encoding="UTF-8"?>
<!-- Generated by org.testng.reporters.JUnitReportReporter -->
<testsuite hostname="DESKTOP-1RVJ10N" failures="0" tests="4" name="priorityconcept.WithoutPriority" time="0.012" errors="0" timestamp="2022-04-07T22:35:26 CDT" skipped="0">
  <testcase classname="priorityconcept.WithoutPriority" name="mul" time="0.002"/>
  <system-out/>
  <testcase classname="priorityconcept.WithoutPriority" name="sub" time="0.001"/>
  <system-out/>
  <testcase classname="priorityconcept.WithoutPriority" name="add" time="0.007"/>
  <system-out/>
  <testcase classname="priorityconcept.WithoutPriority" name="div" time="0.002"/>
  <system-out/>
</testsuite> <!-- priorityconcept.WithoutPriority -->
