<?xml version="1.0" encoding="UTF-8"?>
<!-- Generated by org.testng.reporters.JUnitReportReporter -->
<testsuite hostname="DESKTOP-1RVJ10N" failures="0" tests="1" name="dataprovidertestng.NewTest" time="1.988" errors="0" timestamp="2022-04-06T21:01:27 CDT" skipped="0">
  <testcase classname="dataprovidertestng.NewTest" name="registartion" time="1.988"/>
  <system-out/>
</testsuite> <!-- dataprovidertestng.NewTest -->
